<?xml version="1.0" encoding="UTF-8"?>
<!-- Generated by org.testng.reporters.JUnitReportReporter -->
<testsuite hostname="DESKTOP-VFJE53O" failures="0" tests="2" name="qaclickacademy.AppiumTest" time="0.012" errors="0" timestamp="2020-04-10T20:36:03 IST" skipped="0">
  <testcase classname="qaclickacademy.AppiumTest" name="AndroidApp" time="0.011"/>
  <system-out/>
  <testcase classname="qaclickacademy.AppiumTest" name="IOSApp" time="0.001"/>
  <system-out/>
</testsuite> <!-- qaclickacademy.AppiumTest -->
