<?xml version="1.0" encoding="UTF-8"?>
<!-- Generated by org.testng.reporters.JUnitReportReporter -->
<testsuite hostname="DESKTOP-VFJE53O" failures="0" tests="2" name="qaclickacademy.RestAPITest" time="0.000" errors="0" timestamp="2020-04-10T20:36:03 IST" skipped="0">
  <testcase classname="qaclickacademy.RestAPITest" name="Jira" time="0.000"/>
  <system-out/>
  <testcase classname="qaclickacademy.RestAPITest" name="delettwitter" time="0.000"/>
  <system-out/>
</testsuite> <!-- qaclickacademy.RestAPITest -->
